TN:
SF:D:/Blockchain-Solidity/ace-contracts-audit/contracts/ace.sol
FN:40,add
FN:44,sub
FN:48,mul
FN:52,div
FN:126,onlyOwner
FN:135,onSale
FN:143,validInvestor
FN:153,validValue
FN:163,validAddress
FN:171,isTradable
FN:177,
FN:184,buyAce
FN:211,Ace
FN:221,totalSupply
FN:229,turnOnSale
FN:236,turnOffSale
FN:242,turnOnTradable
FN:251,setIcoPercent
FN:262,setMinimumBuy
FN:271,setMaximumBuy
FN:280,setBuyPrice
FN:303,balanceOf
FN:312,isApprovedInvestor
FN:322,getDeposit
FN:331,addInvestorList
FN:343,removeInvestorList
FN:357,transfer
FN:385,transferFrom
FN:414,approve
FN:429,allowance
FN:438,withdraw
FN:446,setMaximumBurn
FN:454,burn
FNF:33
FNH:29
FNDA:14,add
FNDA:9,sub
FNDA:82,mul
FNDA:36,div
FNDA:46,onlyOwner
FNDA:8,onSale
FNDA:8,validInvestor
FNDA:8,validValue
FNDA:5,validAddress
FNDA:7,isTradable
FNDA:0,
FNDA:4,buyAce
FNDA:15,Ace
FNDA:2,totalSupply
FNDA:1,turnOnSale
FNDA:2,turnOffSale
FNDA:2,turnOnTradable
FNDA:1,setIcoPercent
FNDA:1,setMinimumBuy
FNDA:1,setMaximumBuy
FNDA:18,setBuyPrice
FNDA:10,balanceOf
FNDA:0,isApprovedInvestor
FNDA:0,getDeposit
FNDA:4,addInvestorList
FNDA:1,removeInvestorList
FNDA:3,transfer
FNDA:1,transferFrom
FNDA:1,approve
FNDA:3,allowance
FNDA:0,withdraw
FNDA:2,setMaximumBurn
FNDA:1,burn
DA:41,14
DA:42,14
DA:45,9
DA:46,9
DA:49,82
DA:50,82
DA:53,36
DA:54,36
DA:127,46
DA:128,34
DA:136,8
DA:137,8
DA:144,8
DA:145,4
DA:155,8
DA:157,8
DA:164,5
DA:165,5
DA:172,7
DA:173,5
DA:180,0
DA:192,4
DA:193,4
DA:195,4
DA:196,4
DA:198,4
DA:199,4
DA:201,4
DA:202,0
DA:206,4
DA:207,4
DA:213,15
DA:214,15
DA:215,15
DA:216,15
DA:225,2
DA:231,1
DA:232,1
DA:238,2
DA:239,2
DA:245,2
DA:246,2
DA:254,1
DA:256,1
DA:257,1
DA:265,1
DA:266,1
DA:274,1
DA:275,1
DA:283,18
DA:288,16
DA:296,16
DA:297,16
DA:307,10
DA:316,0
DA:326,0
DA:335,4
DA:336,4
DA:337,4
DA:347,1
DA:348,1
DA:349,1
DA:365,3
DA:366,3
DA:367,3
DA:368,3
DA:372,1
DA:373,1
DA:375,1
DA:376,1
DA:394,1
DA:395,1
DA:396,1
DA:397,1
DA:398,1
DA:404,1
DA:405,1
DA:406,1
DA:408,1
DA:409,1
DA:421,1
DA:422,1
DA:423,1
DA:424,1
DA:425,1
DA:433,3
DA:441,0
DA:449,2
DA:457,1
DA:458,1
DA:459,1
DA:461,1
DA:462,1
DA:465,1
LF:94
LH:89
BRDA:42,1,0,14
BRDA:42,1,1,0
BRDA:45,2,0,9
BRDA:45,2,1,0
BRDA:50,3,0,82
BRDA:50,3,1,0
BRDA:53,4,0,36
BRDA:53,4,1,0
BRDA:127,5,0,34
BRDA:127,5,1,12
BRDA:136,6,0,8
BRDA:136,6,1,0
BRDA:144,7,0,4
BRDA:144,7,1,4
BRDA:155,8,0,8
BRDA:155,8,1,0
BRDA:164,9,0,5
BRDA:164,9,1,0
BRDA:172,10,0,5
BRDA:172,10,1,2
BRDA:193,11,0,4
BRDA:193,11,1,0
BRDA:201,12,0,0
BRDA:201,12,1,4
BRDA:283,13,0,16
BRDA:283,13,1,2
BRDA:335,14,0,4
BRDA:335,14,1,0
BRDA:347,15,0,1
BRDA:347,15,1,0
BRDA:365,16,0,3
BRDA:365,16,1,0
BRDA:366,17,0,3
BRDA:366,17,1,0
BRDA:367,18,0,3
BRDA:367,18,1,0
BRDA:368,19,0,1
BRDA:368,19,1,2
BRDA:394,20,0,1
BRDA:394,20,1,0
BRDA:395,21,0,1
BRDA:395,21,1,0
BRDA:396,22,0,1
BRDA:396,22,1,0
BRDA:397,23,0,1
BRDA:397,23,1,0
BRDA:398,24,0,1
BRDA:398,24,1,0
BRDA:421,25,0,1
BRDA:421,25,1,0
BRDA:422,26,0,1
BRDA:422,26,1,0
BRDA:457,27,0,1
BRDA:457,27,1,0
BRDA:458,28,0,1
BRDA:458,28,1,0
BRDA:459,29,0,1
BRDA:459,29,1,0
BRF:58
BRH:34
end_of_record
